21:26:15.896 [main] INFO  c.m.journalApp.JournalApplication - Starting JournalApplication using Java 17.0.10 with PID 6730 (/Users/bhavmitt/IntelliJ Projects/journalApp/target/classes started by bhavmitt in /Users/bhavmitt/IntelliJ Projects/journalApp)
21:26:15.898 [main] DEBUG c.m.journalApp.JournalApplication - Running with Spring Boot v3.2.4, Spring v6.1.5
21:26:15.898 [main] INFO  c.m.journalApp.JournalApplication - The following 1 profile is active: "dev"
21:26:16.253 [main] INFO  o.s.d.r.c.RepositoryConfigurationDelegate - Bootstrapping Spring Data MongoDB repositories in DEFAULT mode.
21:26:16.280 [main] INFO  o.s.d.r.c.RepositoryConfigurationDelegate - Finished Spring Data repository scanning in 25 ms. Found 2 MongoDB repository interfaces.
21:26:16.512 [main] INFO  o.s.b.w.e.tomcat.TomcatWebServer - Tomcat initialized with port 8080 (http)
21:26:16.517 [main] INFO  o.a.coyote.http11.Http11NioProtocol - Initializing ProtocolHandler ["http-nio-8080"]
21:26:16.518 [main] INFO  o.a.catalina.core.StandardService - Starting service [Tomcat]
21:26:16.518 [main] INFO  o.a.catalina.core.StandardEngine - Starting Servlet engine: [Apache Tomcat/10.1.19]
21:26:16.544 [main] INFO  o.a.c.c.C.[Tomcat].[localhost].[/] - Initializing Spring embedded WebApplicationContext
21:26:16.544 [main] INFO  o.s.b.w.s.c.ServletWebServerApplicationContext - Root WebApplicationContext: initialization completed in 620 ms
21:26:16.753 [main] INFO  org.mongodb.driver.client - MongoClient with metadata {"application": {"name": "Cluster0"}, "driver": {"name": "mongo-java-driver|sync|spring-boot", "version": "4.11.1"}, "os": {"type": "Darwin", "name": "Mac OS X", "architecture": "aarch64", "version": "14.3.1"}, "platform": "Java/Oracle Corporation/17.0.10+11-LTS-240"} created with settings MongoClientSettings{readPreference=primary, writeConcern=WriteConcern{w=majority, wTimeout=null ms, journal=null}, retryWrites=true, retryReads=true, readConcern=ReadConcern{level=null}, credential=MongoCredential{mechanism=null, userName='bhavya', source='admin', password=<hidden>, mechanismProperties=<hidden>}, transportSettings=null, streamFactoryFactory=null, commandListeners=[], codecRegistry=ProvidersCodecRegistry{codecProviders=[ValueCodecProvider{}, BsonValueCodecProvider{}, DBRefCodecProvider{}, DBObjectCodecProvider{}, DocumentCodecProvider{}, CollectionCodecProvider{}, IterableCodecProvider{}, MapCodecProvider{}, GeoJsonCodecProvider{}, GridFSFileCodecProvider{}, Jsr310CodecProvider{}, JsonObjectCodecProvider{}, BsonCodecProvider{}, EnumCodecProvider{}, com.mongodb.client.model.mql.ExpressionCodecProvider@29896529, com.mongodb.Jep395RecordCodecProvider@e29f4f6, com.mongodb.KotlinCodecProvider@41b64020]}, loggerSettings=LoggerSettings{maxDocumentLength=1000}, clusterSettings={hosts=[127.0.0.1:27017], srvHost=cluster0.sjt7bid.mongodb.net, srvServiceName=mongodb, mode=MULTIPLE, requiredClusterType=REPLICA_SET, requiredReplicaSetName='atlas-21dh58-shard-0', serverSelector='null', clusterListeners='[]', serverSelectionTimeout='30000 ms', localThreshold='15 ms'}, socketSettings=SocketSettings{connectTimeoutMS=10000, readTimeoutMS=0, receiveBufferSize=0, proxySettings=ProxySettings{host=null, port=null, username=null, password=null}}, heartbeatSocketSettings=SocketSettings{connectTimeoutMS=10000, readTimeoutMS=10000, receiveBufferSize=0, proxySettings=ProxySettings{host=null, port=null, username=null, password=null}}, connectionPoolSettings=ConnectionPoolSettings{maxSize=100, minSize=0, maxWaitTimeMS=120000, maxConnectionLifeTimeMS=0, maxConnectionIdleTimeMS=0, maintenanceInitialDelayMS=0, maintenanceFrequencyMS=60000, connectionPoolListeners=[], maxConnecting=2}, serverSettings=ServerSettings{heartbeatFrequencyMS=10000, minHeartbeatFrequencyMS=500, serverListeners='[]', serverMonitorListeners='[]'}, sslSettings=SslSettings{enabled=true, invalidHostNameAllowed=false, context=null}, applicationName='Cluster0', compressorList=[], uuidRepresentation=JAVA_LEGACY, serverApi=null, autoEncryptionSettings=null, dnsClient=null, inetAddressResolver=null, contextProvider=null}
21:26:16.871 [main] INFO  org.mongodb.driver.cluster - No server chosen by WritableServerSelector from cluster description ClusterDescription{type=UNKNOWN, connectionMode=MULTIPLE, serverDescriptions=[]}. Waiting for 30000 ms before timing out
21:26:18.074 [cluster-ClusterId{value='662fc320fb7aaf6e382eccbb', description='Cluster0'}-srv-cluster0.sjt7bid.mongodb.net] INFO  org.mongodb.driver.cluster - Adding discovered server ac-bivxjqy-shard-00-02.sjt7bid.mongodb.net:27017 to client view of cluster
21:26:18.098 [cluster-ClusterId{value='662fc320fb7aaf6e382eccbb', description='Cluster0'}-srv-cluster0.sjt7bid.mongodb.net] INFO  org.mongodb.driver.cluster - Adding discovered server ac-bivxjqy-shard-00-01.sjt7bid.mongodb.net:27017 to client view of cluster
21:26:18.100 [cluster-ClusterId{value='662fc320fb7aaf6e382eccbb', description='Cluster0'}-srv-cluster0.sjt7bid.mongodb.net] INFO  org.mongodb.driver.cluster - Adding discovered server ac-bivxjqy-shard-00-00.sjt7bid.mongodb.net:27017 to client view of cluster
21:26:29.444 [cluster-ClusterId{value='662fc320fb7aaf6e382eccbb', description='Cluster0'}-ac-bivxjqy-shard-00-02.sjt7bid.mongodb.net:27017] INFO  org.mongodb.driver.cluster - Exception in monitor thread while connecting to server ac-bivxjqy-shard-00-02.sjt7bid.mongodb.net:27017
com.mongodb.MongoSocketOpenException: Exception opening socket
	at com.mongodb.internal.connection.SocketStream.lambda$open$0(SocketStream.java:84)
	at java.base/java.util.Optional.orElseThrow(Optional.java:403)
	at com.mongodb.internal.connection.SocketStream.open(SocketStream.java:84)
	at com.mongodb.internal.connection.InternalStreamConnection.open(InternalStreamConnection.java:211)
	at com.mongodb.internal.connection.DefaultServerMonitor$ServerMonitorRunnable.lookupServerDescription(DefaultServerMonitor.java:196)
	at com.mongodb.internal.connection.DefaultServerMonitor$ServerMonitorRunnable.run(DefaultServerMonitor.java:156)
	at java.base/java.lang.Thread.run(Thread.java:842)
Caused by: java.net.SocketTimeoutException: Connect timed out
	at java.base/sun.nio.ch.NioSocketImpl.timedFinishConnect(NioSocketImpl.java:551)
	at java.base/sun.nio.ch.NioSocketImpl.connect(NioSocketImpl.java:602)
	at java.base/java.net.SocksSocketImpl.connect(SocksSocketImpl.java:327)
	at java.base/java.net.Socket.connect(Socket.java:633)
	at java.base/sun.security.ssl.SSLSocketImpl.connect(SSLSocketImpl.java:304)
	at com.mongodb.internal.connection.SocketStreamHelper.initialize(SocketStreamHelper.java:76)
	at com.mongodb.internal.connection.SocketStream.initializeSocket(SocketStream.java:104)
	at com.mongodb.internal.connection.SocketStream.open(SocketStream.java:78)
	... 4 common frames omitted
21:26:29.444 [cluster-ClusterId{value='662fc320fb7aaf6e382eccbb', description='Cluster0'}-ac-bivxjqy-shard-00-01.sjt7bid.mongodb.net:27017] INFO  org.mongodb.driver.cluster - Exception in monitor thread while connecting to server ac-bivxjqy-shard-00-01.sjt7bid.mongodb.net:27017
com.mongodb.MongoSocketOpenException: Exception opening socket
	at com.mongodb.internal.connection.SocketStream.lambda$open$0(SocketStream.java:84)
	at java.base/java.util.Optional.orElseThrow(Optional.java:403)
	at com.mongodb.internal.connection.SocketStream.open(SocketStream.java:84)
	at com.mongodb.internal.connection.InternalStreamConnection.open(InternalStreamConnection.java:211)
	at com.mongodb.internal.connection.DefaultServerMonitor$ServerMonitorRunnable.lookupServerDescription(DefaultServerMonitor.java:196)
	at com.mongodb.internal.connection.DefaultServerMonitor$ServerMonitorRunnable.run(DefaultServerMonitor.java:156)
	at java.base/java.lang.Thread.run(Thread.java:842)
Caused by: java.net.SocketTimeoutException: Connect timed out
	at java.base/sun.nio.ch.NioSocketImpl.timedFinishConnect(NioSocketImpl.java:551)
	at java.base/sun.nio.ch.NioSocketImpl.connect(NioSocketImpl.java:602)
	at java.base/java.net.SocksSocketImpl.connect(SocksSocketImpl.java:327)
	at java.base/java.net.Socket.connect(Socket.java:633)
	at java.base/sun.security.ssl.SSLSocketImpl.connect(SSLSocketImpl.java:304)
	at com.mongodb.internal.connection.SocketStreamHelper.initialize(SocketStreamHelper.java:76)
	at com.mongodb.internal.connection.SocketStream.initializeSocket(SocketStream.java:104)
	at com.mongodb.internal.connection.SocketStream.open(SocketStream.java:78)
	... 4 common frames omitted
21:26:29.444 [cluster-ClusterId{value='662fc320fb7aaf6e382eccbb', description='Cluster0'}-ac-bivxjqy-shard-00-00.sjt7bid.mongodb.net:27017] INFO  org.mongodb.driver.cluster - Exception in monitor thread while connecting to server ac-bivxjqy-shard-00-00.sjt7bid.mongodb.net:27017
com.mongodb.MongoSocketOpenException: Exception opening socket
	at com.mongodb.internal.connection.SocketStream.lambda$open$0(SocketStream.java:84)
	at java.base/java.util.Optional.orElseThrow(Optional.java:403)
	at com.mongodb.internal.connection.SocketStream.open(SocketStream.java:84)
	at com.mongodb.internal.connection.InternalStreamConnection.open(InternalStreamConnection.java:211)
	at com.mongodb.internal.connection.DefaultServerMonitor$ServerMonitorRunnable.lookupServerDescription(DefaultServerMonitor.java:196)
	at com.mongodb.internal.connection.DefaultServerMonitor$ServerMonitorRunnable.run(DefaultServerMonitor.java:156)
	at java.base/java.lang.Thread.run(Thread.java:842)
Caused by: java.net.SocketTimeoutException: Connect timed out
	at java.base/sun.nio.ch.NioSocketImpl.timedFinishConnect(NioSocketImpl.java:551)
	at java.base/sun.nio.ch.NioSocketImpl.connect(NioSocketImpl.java:602)
	at java.base/java.net.SocksSocketImpl.connect(SocksSocketImpl.java:327)
	at java.base/java.net.Socket.connect(Socket.java:633)
	at java.base/sun.security.ssl.SSLSocketImpl.connect(SSLSocketImpl.java:304)
	at com.mongodb.internal.connection.SocketStreamHelper.initialize(SocketStreamHelper.java:76)
	at com.mongodb.internal.connection.SocketStream.initializeSocket(SocketStream.java:104)
	at com.mongodb.internal.connection.SocketStream.open(SocketStream.java:78)
	... 4 common frames omitted
21:26:30.155 [cluster-ClusterId{value='662fc320fb7aaf6e382eccbb', description='Cluster0'}-ac-bivxjqy-shard-00-02.sjt7bid.mongodb.net:27017] INFO  org.mongodb.driver.cluster - Monitor thread successfully connected to server with description ServerDescription{address=ac-bivxjqy-shard-00-02.sjt7bid.mongodb.net:27017, type=REPLICA_SET_PRIMARY, state=CONNECTED, ok=true, minWireVersion=0, maxWireVersion=21, maxDocumentSize=16777216, logicalSessionTimeoutMinutes=30, roundTripTimeNanos=173805666, setName='atlas-21dh58-shard-0', canonicalAddress=ac-bivxjqy-shard-00-02.sjt7bid.mongodb.net:27017, hosts=[ac-bivxjqy-shard-00-02.sjt7bid.mongodb.net:27017, ac-bivxjqy-shard-00-01.sjt7bid.mongodb.net:27017, ac-bivxjqy-shard-00-00.sjt7bid.mongodb.net:27017], passives=[], arbiters=[], primary='ac-bivxjqy-shard-00-02.sjt7bid.mongodb.net:27017', tagSet=TagSet{[Tag{name='availabilityZone', value='aps1-az2'}, Tag{name='diskState', value='READY'}, Tag{name='nodeType', value='ELECTABLE'}, Tag{name='provider', value='AWS'}, Tag{name='region', value='AP_SOUTH_1'}, Tag{name='workloadType', value='OPERATIONAL'}]}, electionId=7fffffff0000000000000027, setVersion=4, topologyVersion=TopologyVersion{processId=66218091bd52675224cda8c1, counter=6}, lastWriteDate=Mon Apr 29 21:26:30 IST 2024, lastUpdateTimeNanos=15118772507625}
21:26:30.155 [cluster-ClusterId{value='662fc320fb7aaf6e382eccbb', description='Cluster0'}-ac-bivxjqy-shard-00-02.sjt7bid.mongodb.net:27017] INFO  org.mongodb.driver.cluster - Discovered replica set primary ac-bivxjqy-shard-00-02.sjt7bid.mongodb.net:27017 with max election id 7fffffff0000000000000027 and max set version 4
21:26:30.157 [cluster-ClusterId{value='662fc320fb7aaf6e382eccbb', description='Cluster0'}-ac-bivxjqy-shard-00-00.sjt7bid.mongodb.net:27017] INFO  org.mongodb.driver.cluster - Monitor thread successfully connected to server with description ServerDescription{address=ac-bivxjqy-shard-00-00.sjt7bid.mongodb.net:27017, type=REPLICA_SET_SECONDARY, state=CONNECTED, ok=true, minWireVersion=0, maxWireVersion=21, maxDocumentSize=16777216, logicalSessionTimeoutMinutes=30, roundTripTimeNanos=170296750, setName='atlas-21dh58-shard-0', canonicalAddress=ac-bivxjqy-shard-00-00.sjt7bid.mongodb.net:27017, hosts=[ac-bivxjqy-shard-00-02.sjt7bid.mongodb.net:27017, ac-bivxjqy-shard-00-01.sjt7bid.mongodb.net:27017, ac-bivxjqy-shard-00-00.sjt7bid.mongodb.net:27017], passives=[], arbiters=[], primary='ac-bivxjqy-shard-00-02.sjt7bid.mongodb.net:27017', tagSet=TagSet{[Tag{name='availabilityZone', value='aps1-az1'}, Tag{name='diskState', value='READY'}, Tag{name='nodeType', value='ELECTABLE'}, Tag{name='provider', value='AWS'}, Tag{name='region', value='AP_SOUTH_1'}, Tag{name='workloadType', value='OPERATIONAL'}]}, electionId=null, setVersion=4, topologyVersion=TopologyVersion{processId=66217e2e2be347cb397471bc, counter=4}, lastWriteDate=Mon Apr 29 21:26:30 IST 2024, lastUpdateTimeNanos=15118776042166}
21:26:30.157 [cluster-ClusterId{value='662fc320fb7aaf6e382eccbb', description='Cluster0'}-ac-bivxjqy-shard-00-01.sjt7bid.mongodb.net:27017] INFO  org.mongodb.driver.cluster - Monitor thread successfully connected to server with description ServerDescription{address=ac-bivxjqy-shard-00-01.sjt7bid.mongodb.net:27017, type=REPLICA_SET_SECONDARY, state=CONNECTED, ok=true, minWireVersion=0, maxWireVersion=21, maxDocumentSize=16777216, logicalSessionTimeoutMinutes=30, roundTripTimeNanos=169391458, setName='atlas-21dh58-shard-0', canonicalAddress=ac-bivxjqy-shard-00-01.sjt7bid.mongodb.net:27017, hosts=[ac-bivxjqy-shard-00-02.sjt7bid.mongodb.net:27017, ac-bivxjqy-shard-00-01.sjt7bid.mongodb.net:27017, ac-bivxjqy-shard-00-00.sjt7bid.mongodb.net:27017], passives=[], arbiters=[], primary='ac-bivxjqy-shard-00-02.sjt7bid.mongodb.net:27017', tagSet=TagSet{[Tag{name='availabilityZone', value='aps1-az3'}, Tag{name='diskState', value='READY'}, Tag{name='nodeType', value='ELECTABLE'}, Tag{name='provider', value='AWS'}, Tag{name='region', value='AP_SOUTH_1'}, Tag{name='workloadType', value='OPERATIONAL'}]}, electionId=null, setVersion=4, topologyVersion=TopologyVersion{processId=662182b348c930c7749c1880, counter=3}, lastWriteDate=Mon Apr 29 21:26:30 IST 2024, lastUpdateTimeNanos=15118776171166}
21:26:30.643 [main] INFO  o.s.s.web.DefaultSecurityFilterChain - Will secure any request with [org.springframework.security.web.session.DisableEncodeUrlFilter@55044b34, org.springframework.security.web.context.request.async.WebAsyncManagerIntegrationFilter@28dd81ad, org.springframework.security.web.context.SecurityContextHolderFilter@7d1f3fe9, org.springframework.security.web.header.HeaderWriterFilter@266da047, org.springframework.web.filter.CorsFilter@300a38e7, org.springframework.security.web.authentication.logout.LogoutFilter@3e8b8f0, org.springframework.security.web.authentication.www.BasicAuthenticationFilter@6d420cdd, org.springframework.security.web.savedrequest.RequestCacheAwareFilter@283d3628, org.springframework.security.web.servletapi.SecurityContextHolderAwareRequestFilter@5b3518e1, org.springframework.security.web.authentication.AnonymousAuthenticationFilter@5c9a4f3b, org.springframework.security.web.session.SessionManagementFilter@5c8ab9de, org.springframework.security.web.access.ExceptionTranslationFilter@2c6927f0, org.springframework.security.web.access.intercept.AuthorizationFilter@5aab5b31]
21:26:30.710 [main] INFO  o.a.coyote.http11.Http11NioProtocol - Starting ProtocolHandler ["http-nio-8080"]
21:26:30.719 [main] INFO  o.s.b.w.e.tomcat.TomcatWebServer - Tomcat started on port 8080 (http) with context path ''
21:26:30.724 [main] INFO  c.m.journalApp.JournalApplication - Started JournalApplication in 15.013 seconds (process running for 15.316)
21:26:32.299 [main] INFO  c.m.journalApp.JournalApplication - Starting JournalApplication using Java 17.0.10 with PID 6749 (/Users/bhavmitt/IntelliJ Projects/journalApp/target/classes started by bhavmitt in /Users/bhavmitt/IntelliJ Projects/journalApp)
21:26:32.300 [main] DEBUG c.m.journalApp.JournalApplication - Running with Spring Boot v3.2.4, Spring v6.1.5
21:26:32.300 [main] INFO  c.m.journalApp.JournalApplication - The following 1 profile is active: "dev"
21:26:32.593 [main] INFO  o.s.d.r.c.RepositoryConfigurationDelegate - Bootstrapping Spring Data MongoDB repositories in DEFAULT mode.
21:26:32.619 [main] INFO  o.s.d.r.c.RepositoryConfigurationDelegate - Finished Spring Data repository scanning in 24 ms. Found 2 MongoDB repository interfaces.
21:26:32.843 [main] INFO  o.s.b.w.e.tomcat.TomcatWebServer - Tomcat initialized with port 8080 (http)
21:26:32.847 [main] INFO  o.a.coyote.http11.Http11NioProtocol - Initializing ProtocolHandler ["http-nio-8080"]
21:26:32.848 [main] INFO  o.a.catalina.core.StandardService - Starting service [Tomcat]
21:26:32.849 [main] INFO  o.a.catalina.core.StandardEngine - Starting Servlet engine: [Apache Tomcat/10.1.19]
21:26:32.873 [main] INFO  o.a.c.c.C.[Tomcat].[localhost].[/] - Initializing Spring embedded WebApplicationContext
21:26:32.873 [main] INFO  o.s.b.w.s.c.ServletWebServerApplicationContext - Root WebApplicationContext: initialization completed in 549 ms
21:26:33.066 [main] INFO  org.mongodb.driver.client - MongoClient with metadata {"application": {"name": "Cluster0"}, "driver": {"name": "mongo-java-driver|sync|spring-boot", "version": "4.11.1"}, "os": {"type": "Darwin", "name": "Mac OS X", "architecture": "aarch64", "version": "14.3.1"}, "platform": "Java/Oracle Corporation/17.0.10+11-LTS-240"} created with settings MongoClientSettings{readPreference=primary, writeConcern=WriteConcern{w=majority, wTimeout=null ms, journal=null}, retryWrites=true, retryReads=true, readConcern=ReadConcern{level=null}, credential=MongoCredential{mechanism=null, userName='bhavya', source='admin', password=<hidden>, mechanismProperties=<hidden>}, transportSettings=null, streamFactoryFactory=null, commandListeners=[], codecRegistry=ProvidersCodecRegistry{codecProviders=[ValueCodecProvider{}, BsonValueCodecProvider{}, DBRefCodecProvider{}, DBObjectCodecProvider{}, DocumentCodecProvider{}, CollectionCodecProvider{}, IterableCodecProvider{}, MapCodecProvider{}, GeoJsonCodecProvider{}, GridFSFileCodecProvider{}, Jsr310CodecProvider{}, JsonObjectCodecProvider{}, BsonCodecProvider{}, EnumCodecProvider{}, com.mongodb.client.model.mql.ExpressionCodecProvider@3d88e6b9, com.mongodb.Jep395RecordCodecProvider@22bf9122, com.mongodb.KotlinCodecProvider@208205ed]}, loggerSettings=LoggerSettings{maxDocumentLength=1000}, clusterSettings={hosts=[127.0.0.1:27017], srvHost=cluster0.sjt7bid.mongodb.net, srvServiceName=mongodb, mode=MULTIPLE, requiredClusterType=REPLICA_SET, requiredReplicaSetName='atlas-21dh58-shard-0', serverSelector='null', clusterListeners='[]', serverSelectionTimeout='30000 ms', localThreshold='15 ms'}, socketSettings=SocketSettings{connectTimeoutMS=10000, readTimeoutMS=0, receiveBufferSize=0, proxySettings=ProxySettings{host=null, port=null, username=null, password=null}}, heartbeatSocketSettings=SocketSettings{connectTimeoutMS=10000, readTimeoutMS=10000, receiveBufferSize=0, proxySettings=ProxySettings{host=null, port=null, username=null, password=null}}, connectionPoolSettings=ConnectionPoolSettings{maxSize=100, minSize=0, maxWaitTimeMS=120000, maxConnectionLifeTimeMS=0, maxConnectionIdleTimeMS=0, maintenanceInitialDelayMS=0, maintenanceFrequencyMS=60000, connectionPoolListeners=[], maxConnecting=2}, serverSettings=ServerSettings{heartbeatFrequencyMS=10000, minHeartbeatFrequencyMS=500, serverListeners='[]', serverMonitorListeners='[]'}, sslSettings=SslSettings{enabled=true, invalidHostNameAllowed=false, context=null}, applicationName='Cluster0', compressorList=[], uuidRepresentation=JAVA_LEGACY, serverApi=null, autoEncryptionSettings=null, dnsClient=null, inetAddressResolver=null, contextProvider=null}
21:26:33.140 [cluster-ClusterId{value='662fc331d519966eae50a20f', description='Cluster0'}-srv-cluster0.sjt7bid.mongodb.net] INFO  org.mongodb.driver.cluster - Adding discovered server ac-bivxjqy-shard-00-02.sjt7bid.mongodb.net:27017 to client view of cluster
21:26:33.157 [cluster-ClusterId{value='662fc331d519966eae50a20f', description='Cluster0'}-srv-cluster0.sjt7bid.mongodb.net] INFO  org.mongodb.driver.cluster - Adding discovered server ac-bivxjqy-shard-00-01.sjt7bid.mongodb.net:27017 to client view of cluster
21:26:33.159 [cluster-ClusterId{value='662fc331d519966eae50a20f', description='Cluster0'}-srv-cluster0.sjt7bid.mongodb.net] INFO  org.mongodb.driver.cluster - Adding discovered server ac-bivxjqy-shard-00-00.sjt7bid.mongodb.net:27017 to client view of cluster
21:26:33.205 [main] INFO  org.mongodb.driver.cluster - No server chosen by WritableServerSelector from cluster description ClusterDescription{type=REPLICA_SET, connectionMode=MULTIPLE, serverDescriptions=[ServerDescription{address=ac-bivxjqy-shard-00-02.sjt7bid.mongodb.net:27017, type=UNKNOWN, state=CONNECTING}, ServerDescription{address=ac-bivxjqy-shard-00-00.sjt7bid.mongodb.net:27017, type=UNKNOWN, state=CONNECTING}, ServerDescription{address=ac-bivxjqy-shard-00-01.sjt7bid.mongodb.net:27017, type=UNKNOWN, state=CONNECTING}]}. Waiting for 30000 ms before timing out
21:26:33.501 [cluster-ClusterId{value='662fc331d519966eae50a20f', description='Cluster0'}-ac-bivxjqy-shard-00-02.sjt7bid.mongodb.net:27017] INFO  org.mongodb.driver.cluster - Monitor thread successfully connected to server with description ServerDescription{address=ac-bivxjqy-shard-00-02.sjt7bid.mongodb.net:27017, type=REPLICA_SET_PRIMARY, state=CONNECTED, ok=true, minWireVersion=0, maxWireVersion=21, maxDocumentSize=16777216, logicalSessionTimeoutMinutes=30, roundTripTimeNanos=173886209, setName='atlas-21dh58-shard-0', canonicalAddress=ac-bivxjqy-shard-00-02.sjt7bid.mongodb.net:27017, hosts=[ac-bivxjqy-shard-00-02.sjt7bid.mongodb.net:27017, ac-bivxjqy-shard-00-01.sjt7bid.mongodb.net:27017, ac-bivxjqy-shard-00-00.sjt7bid.mongodb.net:27017], passives=[], arbiters=[], primary='ac-bivxjqy-shard-00-02.sjt7bid.mongodb.net:27017', tagSet=TagSet{[Tag{name='availabilityZone', value='aps1-az2'}, Tag{name='diskState', value='READY'}, Tag{name='nodeType', value='ELECTABLE'}, Tag{name='provider', value='AWS'}, Tag{name='region', value='AP_SOUTH_1'}, Tag{name='workloadType', value='OPERATIONAL'}]}, electionId=7fffffff0000000000000027, setVersion=4, topologyVersion=TopologyVersion{processId=66218091bd52675224cda8c1, counter=6}, lastWriteDate=Mon Apr 29 21:26:33 IST 2024, lastUpdateTimeNanos=15122118737250}
21:26:33.501 [cluster-ClusterId{value='662fc331d519966eae50a20f', description='Cluster0'}-ac-bivxjqy-shard-00-00.sjt7bid.mongodb.net:27017] INFO  org.mongodb.driver.cluster - Monitor thread successfully connected to server with description ServerDescription{address=ac-bivxjqy-shard-00-00.sjt7bid.mongodb.net:27017, type=REPLICA_SET_SECONDARY, state=CONNECTED, ok=true, minWireVersion=0, maxWireVersion=21, maxDocumentSize=16777216, logicalSessionTimeoutMinutes=30, roundTripTimeNanos=173890000, setName='atlas-21dh58-shard-0', canonicalAddress=ac-bivxjqy-shard-00-00.sjt7bid.mongodb.net:27017, hosts=[ac-bivxjqy-shard-00-02.sjt7bid.mongodb.net:27017, ac-bivxjqy-shard-00-01.sjt7bid.mongodb.net:27017, ac-bivxjqy-shard-00-00.sjt7bid.mongodb.net:27017], passives=[], arbiters=[], primary='ac-bivxjqy-shard-00-02.sjt7bid.mongodb.net:27017', tagSet=TagSet{[Tag{name='availabilityZone', value='aps1-az1'}, Tag{name='diskState', value='READY'}, Tag{name='nodeType', value='ELECTABLE'}, Tag{name='provider', value='AWS'}, Tag{name='region', value='AP_SOUTH_1'}, Tag{name='workloadType', value='OPERATIONAL'}]}, electionId=null, setVersion=4, topologyVersion=TopologyVersion{processId=66217e2e2be347cb397471bc, counter=4}, lastWriteDate=Mon Apr 29 21:26:33 IST 2024, lastUpdateTimeNanos=15122118737333}
21:26:33.502 [cluster-ClusterId{value='662fc331d519966eae50a20f', description='Cluster0'}-ac-bivxjqy-shard-00-02.sjt7bid.mongodb.net:27017] INFO  org.mongodb.driver.cluster - Discovered replica set primary ac-bivxjqy-shard-00-02.sjt7bid.mongodb.net:27017 with max election id 7fffffff0000000000000027 and max set version 4
21:26:33.511 [cluster-ClusterId{value='662fc331d519966eae50a20f', description='Cluster0'}-ac-bivxjqy-shard-00-01.sjt7bid.mongodb.net:27017] INFO  org.mongodb.driver.cluster - Monitor thread successfully connected to server with description ServerDescription{address=ac-bivxjqy-shard-00-01.sjt7bid.mongodb.net:27017, type=REPLICA_SET_SECONDARY, state=CONNECTED, ok=true, minWireVersion=0, maxWireVersion=21, maxDocumentSize=16777216, logicalSessionTimeoutMinutes=30, roundTripTimeNanos=128123250, setName='atlas-21dh58-shard-0', canonicalAddress=ac-bivxjqy-shard-00-01.sjt7bid.mongodb.net:27017, hosts=[ac-bivxjqy-shard-00-02.sjt7bid.mongodb.net:27017, ac-bivxjqy-shard-00-01.sjt7bid.mongodb.net:27017, ac-bivxjqy-shard-00-00.sjt7bid.mongodb.net:27017], passives=[], arbiters=[], primary='ac-bivxjqy-shard-00-02.sjt7bid.mongodb.net:27017', tagSet=TagSet{[Tag{name='availabilityZone', value='aps1-az3'}, Tag{name='diskState', value='READY'}, Tag{name='nodeType', value='ELECTABLE'}, Tag{name='provider', value='AWS'}, Tag{name='region', value='AP_SOUTH_1'}, Tag{name='workloadType', value='OPERATIONAL'}]}, electionId=null, setVersion=4, topologyVersion=TopologyVersion{processId=662182b348c930c7749c1880, counter=3}, lastWriteDate=Mon Apr 29 21:26:33 IST 2024, lastUpdateTimeNanos=15122130258000}
21:26:34.022 [main] INFO  o.s.s.web.DefaultSecurityFilterChain - Will secure any request with [org.springframework.security.web.session.DisableEncodeUrlFilter@3c488b34, org.springframework.security.web.context.request.async.WebAsyncManagerIntegrationFilter@32e697ac, org.springframework.security.web.context.SecurityContextHolderFilter@1a2724d3, org.springframework.security.web.header.HeaderWriterFilter@cdbe995, org.springframework.web.filter.CorsFilter@3866c96e, org.springframework.security.web.authentication.logout.LogoutFilter@26a45089, org.springframework.security.web.authentication.www.BasicAuthenticationFilter@45796b2a, org.springframework.security.web.savedrequest.RequestCacheAwareFilter@1c2dd89b, org.springframework.security.web.servletapi.SecurityContextHolderAwareRequestFilter@3ad847f8, org.springframework.security.web.authentication.AnonymousAuthenticationFilter@241fc278, org.springframework.security.web.session.SessionManagementFilter@5817f1ca, org.springframework.security.web.access.ExceptionTranslationFilter@5d92e8e2, org.springframework.security.web.access.intercept.AuthorizationFilter@138a85d3]
21:26:34.096 [main] INFO  o.a.coyote.http11.Http11NioProtocol - Starting ProtocolHandler ["http-nio-8080"]
21:26:34.104 [main] INFO  o.s.b.w.e.tomcat.TomcatWebServer - Tomcat started on port 8080 (http) with context path ''
21:26:34.109 [main] INFO  c.m.journalApp.JournalApplication - Started JournalApplication in 2.002 seconds (process running for 2.25)
