16:49:45.453 [cluster-ClusterId{value='662c75f6eb6c1633c601a3fb', description='Cluster0'}-ac-bivxjqy-shard-00-02.sjt7bid.mongodb.net:27017] INFO  org.mongodb.driver.cluster - Exception in monitor thread while connecting to server ac-bivxjqy-shard-00-02.sjt7bid.mongodb.net:27017
com.mongodb.MongoSocketReadTimeoutException: Timeout while receiving message
	at com.mongodb.internal.connection.InternalStreamConnection.translateReadException(InternalStreamConnection.java:728)
	at com.mongodb.internal.connection.InternalStreamConnection.receiveMessageWithAdditionalTimeout(InternalStreamConnection.java:606)
	at com.mongodb.internal.connection.InternalStreamConnection.receiveCommandMessageResponse(InternalStreamConnection.java:451)
	at com.mongodb.internal.connection.InternalStreamConnection.receive(InternalStreamConnection.java:404)
	at com.mongodb.internal.connection.DefaultServerMonitor$ServerMonitorRunnable.lookupServerDescription(DefaultServerMonitor.java:224)
	at com.mongodb.internal.connection.DefaultServerMonitor$ServerMonitorRunnable.run(DefaultServerMonitor.java:156)
	at java.base/java.lang.Thread.run(Thread.java:842)
Caused by: java.net.SocketTimeoutException: Read timed out
	at java.base/sun.nio.ch.NioSocketImpl.timedRead(NioSocketImpl.java:288)
	at java.base/sun.nio.ch.NioSocketImpl.implRead(NioSocketImpl.java:314)
	at java.base/sun.nio.ch.NioSocketImpl.read(NioSocketImpl.java:355)
	at java.base/sun.nio.ch.NioSocketImpl$1.read(NioSocketImpl.java:808)
	at java.base/java.net.Socket$SocketInputStream.read(Socket.java:966)
	at java.base/sun.security.ssl.SSLSocketInputRecord.read(SSLSocketInputRecord.java:484)
	at java.base/sun.security.ssl.SSLSocketInputRecord.readHeader(SSLSocketInputRecord.java:478)
	at java.base/sun.security.ssl.SSLSocketInputRecord.bytesInCompletePacket(SSLSocketInputRecord.java:70)
	at java.base/sun.security.ssl.SSLSocketImpl.readApplicationRecord(SSLSocketImpl.java:1461)
	at java.base/sun.security.ssl.SSLSocketImpl$AppInputStream.read(SSLSocketImpl.java:1065)
	at com.mongodb.internal.connection.SocketStream.read(SocketStream.java:175)
	at com.mongodb.internal.connection.SocketStream.read(SocketStream.java:200)
	at com.mongodb.internal.connection.InternalStreamConnection.receiveResponseBuffers(InternalStreamConnection.java:739)
	at com.mongodb.internal.connection.InternalStreamConnection.receiveMessageWithAdditionalTimeout(InternalStreamConnection.java:603)
	... 5 common frames omitted
16:49:45.632 [cluster-ClusterId{value='662c75f6eb6c1633c601a3fb', description='Cluster0'}-ac-bivxjqy-shard-00-02.sjt7bid.mongodb.net:27017] INFO  org.mongodb.driver.cluster - Monitor thread successfully connected to server with description ServerDescription{address=ac-bivxjqy-shard-00-02.sjt7bid.mongodb.net:27017, type=REPLICA_SET_PRIMARY, state=CONNECTED, ok=true, minWireVersion=0, maxWireVersion=21, maxDocumentSize=16777216, logicalSessionTimeoutMinutes=30, roundTripTimeNanos=92834625, setName='atlas-21dh58-shard-0', canonicalAddress=ac-bivxjqy-shard-00-02.sjt7bid.mongodb.net:27017, hosts=[ac-bivxjqy-shard-00-02.sjt7bid.mongodb.net:27017, ac-bivxjqy-shard-00-01.sjt7bid.mongodb.net:27017, ac-bivxjqy-shard-00-00.sjt7bid.mongodb.net:27017], passives=[], arbiters=[], primary='ac-bivxjqy-shard-00-02.sjt7bid.mongodb.net:27017', tagSet=TagSet{[Tag{name='availabilityZone', value='aps1-az2'}, Tag{name='diskState', value='READY'}, Tag{name='nodeType', value='ELECTABLE'}, Tag{name='provider', value='AWS'}, Tag{name='region', value='AP_SOUTH_1'}, Tag{name='workloadType', value='OPERATIONAL'}]}, electionId=7fffffff0000000000000027, setVersion=4, topologyVersion=TopologyVersion{processId=66218091bd52675224cda8c1, counter=6}, lastWriteDate=Sat Apr 27 16:49:44 IST 2024, lastUpdateTimeNanos=11234402785750}
16:49:45.634 [cluster-ClusterId{value='662c75f6eb6c1633c601a3fb', description='Cluster0'}-ac-bivxjqy-shard-00-02.sjt7bid.mongodb.net:27017] INFO  org.mongodb.driver.cluster - Discovered replica set primary ac-bivxjqy-shard-00-02.sjt7bid.mongodb.net:27017 with max election id 7fffffff0000000000000027 and max set version 4
